#
# There is insufficient memory for the Java Runtime Environment to continue.
# Native memory allocation (malloc) failed to allocate 678336 bytes for Chunk::new
# Possible reasons:
#   The system is out of physical RAM or swap space
#   The process is running with CompressedOops enabled, and the Java Heap may be blocking the growth of the native heap
# Possible solutions:
#   Reduce memory load on the system
#   Increase physical memory or swap space
#   Check if swap backing store is full
#   Decrease Java heap size (-Xmx/-Xms)
#   Decrease number of Java threads
#   Decrease Java thread stack sizes (-Xss)
#   Set larger code cache with -XX:ReservedCodeCacheSize=
#   JVM is running with Unscaled Compressed Oops mode in which the Java heap is
#     placed in the first 4GB address space. The Java Heap base address is the
#     maximum limit for the native heap growth. Please use -XX:HeapBaseMinAddress
#     to set the Java Heap base and to place the Java Heap above 4GB virtual address.
# This output file may be truncated or incomplete.
#
#  Out of Memory Error (arena.cpp:189), pid=25952, tid=22412
#
# JRE version: OpenJDK Runtime Environment Microsoft-8035246 (17.0.8+7) (build 17.0.8+7-LTS)
# Java VM: OpenJDK 64-Bit Server VM Microsoft-8035246 (17.0.8+7-LTS, mixed mode, sharing, tiered, compressed oops, compressed class ptrs, g1 gc, windows-amd64)
# No core dump will be written. Minidumps are not enabled by default on client versions of Windows
#

---------------  S U M M A R Y ------------

Command Line: org.jetbrains.kotlin.cli.jvm.K2JVMCompiler @D:\documentation\pyramidapp\UTS-SmartServeApp\node_modules\react-native-screens\android\build\20240706_4238031595142177020.compiler.options

Host: 11th Gen Intel(R) Core(TM) i5-1155G7 @ 2.50GHz, 8 cores, 7G,  Windows 11 , 64 bit Build 22621 (10.0.22621.3672)
Time: Sat Jul  6 15:40:07 2024 India Standard Time elapsed time: 56.871505 seconds (0d 0h 0m 56s)

---------------  T H R E A D  ---------------

Current thread (0x000001437a9b7bb0):  JavaThread "C2 CompilerThread0" daemon [_thread_in_native, id=22412, stack(0x00000023a1600000,0x00000023a1700000)]


Current CompileTask:
C2:  56871 12278       4       org.jetbrains.kotlin.resolve.calls.components.ClassicTypeSystemContextForCS::contains (7 bytes)

Stack: [0x00000023a1600000,0x00000023a1700000]
Native frames: (J=compiled Java code, j=interpreted, Vv=VM code, C=native code)
V  [jvm.dll+0x67bf3a]
V  [jvm.dll+0x83a024]
V  [jvm.dll+0x83b7ce]
V  [jvm.dll+0x83be33]
V  [jvm.dll+0x24785f]
V  [jvm.dll+0xac3bc]
V  [jvm.dll+0xac98c]
V  [jvm.dll+0x2af19f]
V  [jvm.dll+0x584667]
V  [jvm.dll+0x222a82]
V  [jvm.dll+0x21bc49]
V  [jvm.dll+0x21944b]
V  [jvm.dll+0x1a56b6]
V  [jvm.dll+0x2291ea]
V  [jvm.dll+0x22724c]
V  [jvm.dll+0x7efd0c]
V  [jvm.dll+0x7ea13a]
V  [jvm.dll+0x67ad85]
C  [ucrtbase.dll+0x29333]
C  [KERNEL32.DLL+0x1257d]
C  [ntdll.dll+0x5af28]


---------------  P R O C E S S  ---------------

Threads class SMR info:
_java_thread_list=0x0000014350415520, length=12, elements={
0x000001436b89be10, 0x000001437a99d2a0, 0x000001437a99dc60, 0x000001437a9b30c0,
0x000001437a9b3a80, 0x000001437a9b4440, 0x000001437a9b6e10, 0x000001437a9b7bb0,
0x000001437a9c35e0, 0x000001437ab307c0, 0x000001437abe8bc0, 0x000001437abed900
}

Java Threads: ( => current thread )
  0x000001436b89be10 JavaThread "main" [_thread_in_Java, id=14132, stack(0x00000023a0900000,0x00000023a0a00000)]
  0x000001437a99d2a0 JavaThread "Reference Handler" daemon [_thread_blocked, id=20316, stack(0x00000023a1000000,0x00000023a1100000)]
  0x000001437a99dc60 JavaThread "Finalizer" daemon [_thread_blocked, id=10432, stack(0x00000023a1100000,0x00000023a1200000)]
  0x000001437a9b30c0 JavaThread "Signal Dispatcher" daemon [_thread_blocked, id=17856, stack(0x00000023a1200000,0x00000023a1300000)]
  0x000001437a9b3a80 JavaThread "Attach Listener" daemon [_thread_blocked, id=18760, stack(0x00000023a1300000,0x00000023a1400000)]
  0x000001437a9b4440 JavaThread "Service Thread" daemon [_thread_blocked, id=25380, stack(0x00000023a1400000,0x00000023a1500000)]
  0x000001437a9b6e10 JavaThread "Monitor Deflation Thread" daemon [_thread_blocked, id=27436, stack(0x00000023a1500000,0x00000023a1600000)]
=>0x000001437a9b7bb0 JavaThread "C2 CompilerThread0" daemon [_thread_in_native, id=22412, stack(0x00000023a1600000,0x00000023a1700000)]
  0x000001437a9c35e0 JavaThread "C1 CompilerThread0" daemon [_thread_blocked, id=5808, stack(0x00000023a1700000,0x00000023a1800000)]
  0x000001437ab307c0 JavaThread "Sweeper thread" daemon [_thread_blocked, id=20960, stack(0x00000023a1800000,0x00000023a1900000)]
  0x000001437abe8bc0 JavaThread "Notification Thread" daemon [_thread_blocked, id=14508, stack(0x00000023a1900000,0x00000023a1a00000)]
  0x000001437abed900 JavaThread "Common-Cleaner" daemon [_thread_blocked, id=25596, stack(0x00000023a1b00000,0x00000023a1c00000)]

Other Threads:
  0x000001437a995d30 VMThread "VM Thread" [stack: 0x00000023a0f00000,0x00000023a1000000] [id=23276]
  0x000001437abe90a0 WatcherThread [stack: 0x00000023a1a00000,0x00000023a1b00000] [id=4548]
  0x000001436b8f6bb0 GCTaskThread "GC Thread#0" [stack: 0x00000023a0a00000,0x00000023a0b00000] [id=17496]
  0x000001437f104220 GCTaskThread "GC Thread#1" [stack: 0x00000023a1c00000,0x00000023a1d00000] [id=20568]
  0x000001437f265e70 GCTaskThread "GC Thread#2" [stack: 0x00000023a1d00000,0x00000023a1e00000] [id=23464]
  0x000001437f266130 GCTaskThread "GC Thread#3" [stack: 0x00000023a1e00000,0x00000023a1f00000] [id=7680]
  0x000001437f2663f0 GCTaskThread "GC Thread#4" [stack: 0x00000023a1f00000,0x00000023a2000000] [id=4604]
  0x000001437f2666b0 GCTaskThread "GC Thread#5" [stack: 0x00000023a2000000,0x00000023a2100000] [id=18208]
  0x000001437f51f4c0 GCTaskThread "GC Thread#6" [stack: 0x00000023a2100000,0x00000023a2200000] [id=19992]
  0x000001437f51f780 GCTaskThread "GC Thread#7" [stack: 0x00000023a2200000,0x00000023a2300000] [id=27092]
  0x000001436b907000 ConcurrentGCThread "G1 Main Marker" [stack: 0x00000023a0b00000,0x00000023a0c00000] [id=22292]
  0x000001436b907a10 ConcurrentGCThread "G1 Conc#0" [stack: 0x00000023a0c00000,0x00000023a0d00000] [id=22152]
  0x0000014350fcecc0 ConcurrentGCThread "G1 Conc#1" [stack: 0x00000023a2300000,0x00000023a2400000] [id=13608]
  0x000001436b92ebe0 ConcurrentGCThread "G1 Refine#0" [stack: 0x00000023a0d00000,0x00000023a0e00000] [id=14084]
  0x000001437a850b90 ConcurrentGCThread "G1 Service" [stack: 0x00000023a0e00000,0x00000023a0f00000] [id=7200]

Threads with active compile tasks:
C2 CompilerThread0    56973 12278       4       org.jetbrains.kotlin.resolve.calls.components.ClassicTypeSystemContextForCS::contains (7 bytes)
C1 CompilerThread0    56973 12319       3       org.jetbrains.kotlin.com.intellij.lang.impl.PsiBuilderImpl::balanceWhiteSpaces (416 bytes)

VM state: not at safepoint (normal execution)

VM Mutex/Monitor currently owned by a thread: None

Heap address: 0x0000000085800000, size: 1960 MB, Compressed Oops mode: 32-bit

CDS archive(s) mapped at: [0x000001430f000000-0x000001430fbd0000-0x000001430fbd0000), size 12386304, SharedBaseAddress: 0x000001430f000000, ArchiveRelocationMode: 1.
Compressed class space mapped at: 0x0000014310000000-0x0000014350000000, reserved size: 1073741824
Narrow klass base: 0x000001430f000000, Narrow klass shift: 0, Narrow klass range: 0x100000000

GC Precious Log:
 CPUs: 8 total, 8 available
 Memory: 7834M
 Large Page Support: Disabled
 NUMA Support: Disabled
 Compressed Oops: Enabled (32-bit)
 Heap Region Size: 1M
 Heap Min Capacity: 8M
 Heap Initial Capacity: 124M
 Heap Max Capacity: 1960M
 Pre-touch: Disabled
 Parallel Workers: 8
 Concurrent Workers: 2
 Concurrent Refinement Workers: 8
 Periodic GC: Disabled

Heap:
 garbage-first heap   total 223232K, used 100212K [0x0000000085800000, 0x0000000100000000)
  region size 1024K, 27 young (27648K), 3 survivors (3072K)
 Metaspace       used 59336K, committed 59648K, reserved 1114112K
  class space    used 6859K, committed 6976K, reserved 1048576K

Heap Regions: E=young(eden), S=young(survivor), O=old, HS=humongous(starts), HC=humongous(continues), CS=collection set, F=free, OA=open archive, CA=closed archive, TAMS=top-at-mark-start (previous, next)
|   0|0x0000000085800000, 0x0000000085900000, 0x0000000085900000|100%|HS|  |TAMS 0x0000000085900000, 0x0000000085800000| Complete 
|   1|0x0000000085900000, 0x0000000085a00000, 0x0000000085a00000|100%|HC|  |TAMS 0x0000000085a00000, 0x0000000085900000| Complete 
|   2|0x0000000085a00000, 0x0000000085b00000, 0x0000000085b00000|100%|HC|  |TAMS 0x0000000085b00000, 0x0000000085a00000| Complete 
|   3|0x0000000085b00000, 0x0000000085c00000, 0x0000000085c00000|100%| O|  |TAMS 0x0000000085c00000, 0x0000000085b00000| Untracked 
|   4|0x0000000085c00000, 0x0000000085d00000, 0x0000000085d00000|100%| O|  |TAMS 0x0000000085d00000, 0x0000000085c00000| Untracked 
|   5|0x0000000085d00000, 0x0000000085e00000, 0x0000000085e00000|100%| O|  |TAMS 0x0000000085e00000, 0x0000000085d00000| Untracked 
|   6|0x0000000085e00000, 0x0000000085f00000, 0x0000000085f00000|100%|HS|  |TAMS 0x0000000085f00000, 0x0000000085e00000| Complete 
|   7|0x0000000085f00000, 0x0000000086000000, 0x0000000086000000|100%|HC|  |TAMS 0x0000000086000000, 0x0000000085f00000| Complete 
|   8|0x0000000086000000, 0x0000000086100000, 0x0000000086100000|100%|HC|  |TAMS 0x0000000086100000, 0x0000000086000000| Complete 
|   9|0x0000000086100000, 0x0000000086200000, 0x0000000086200000|100%| O|  |TAMS 0x0000000086200000, 0x0000000086100000| Untracked 
|  10|0x0000000086200000, 0x0000000086300000, 0x0000000086300000|100%| O|  |TAMS 0x0000000086300000, 0x0000000086200000| Untracked 
|  11|0x0000000086300000, 0x0000000086400000, 0x0000000086400000|100%| O|  |TAMS 0x0000000086400000, 0x0000000086300000| Untracked 
|  12|0x0000000086400000, 0x0000000086500000, 0x0000000086500000|100%| O|  |TAMS 0x0000000086500000, 0x0000000086400000| Untracked 
|  13|0x0000000086500000, 0x0000000086600000, 0x0000000086600000|100%| O|  |TAMS 0x0000000086600000, 0x0000000086500000| Untracked 
|  14|0x0000000086600000, 0x0000000086700000, 0x0000000086700000|100%| O|  |TAMS 0x0000000086700000, 0x0000000086600000| Untracked 
|  15|0x0000000086700000, 0x0000000086800000, 0x0000000086800000|100%| O|  |TAMS 0x0000000086800000, 0x0000000086700000| Untracked 
|  16|0x0000000086800000, 0x0000000086900000, 0x0000000086900000|100%| O|  |TAMS 0x0000000086900000, 0x0000000086800000| Untracked 
|  17|0x0000000086900000, 0x0000000086a00000, 0x0000000086a00000|100%| O|  |TAMS 0x0000000086a00000, 0x0000000086900000| Untracked 
|  18|0x0000000086a00000, 0x0000000086b00000, 0x0000000086b00000|100%| O|  |TAMS 0x0000000086b00000, 0x0000000086a00000| Untracked 
|  19|0x0000000086b00000, 0x0000000086c00000, 0x0000000086c00000|100%| O|  |TAMS 0x0000000086c00000, 0x0000000086b00000| Untracked 
|  20|0x0000000086c00000, 0x0000000086d00000, 0x0000000086d00000|100%| O|  |TAMS 0x0000000086d00000, 0x0000000086c00000| Untracked 
|  21|0x0000000086d00000, 0x0000000086e00000, 0x0000000086e00000|100%| O|  |TAMS 0x0000000086e00000, 0x0000000086d00000| Untracked 
|  22|0x0000000086e00000, 0x0000000086f00000, 0x0000000086f00000|100%| O|  |TAMS 0x0000000086f00000, 0x0000000086e00000| Untracked 
|  23|0x0000000086f00000, 0x0000000087000000, 0x0000000087000000|100%| O|  |TAMS 0x0000000087000000, 0x0000000086f00000| Untracked 
|  24|0x0000000087000000, 0x0000000087100000, 0x0000000087100000|100%| O|  |TAMS 0x0000000087100000, 0x0000000087000000| Untracked 
|  25|0x0000000087100000, 0x0000000087200000, 0x0000000087200000|100%| O|  |TAMS 0x0000000087200000, 0x0000000087100000| Untracked 
|  26|0x0000000087200000, 0x0000000087300000, 0x0000000087300000|100%|HS|  |TAMS 0x0000000087300000, 0x0000000087200000| Complete 
|  27|0x0000000087300000, 0x0000000087400000, 0x0000000087400000|100%|HC|  |TAMS 0x0000000087400000, 0x0000000087300000| Complete 
|  28|0x0000000087400000, 0x0000000087500000, 0x0000000087500000|100%| O|  |TAMS 0x0000000087500000, 0x0000000087400000| Untracked 
|  29|0x0000000087500000, 0x0000000087600000, 0x0000000087600000|100%| O|  |TAMS 0x0000000087600000, 0x0000000087500000| Untracked 
|  30|0x0000000087600000, 0x0000000087700000, 0x0000000087700000|100%| O|  |TAMS 0x0000000087700000, 0x0000000087600000| Untracked 
|  31|0x0000000087700000, 0x0000000087800000, 0x0000000087800000|100%| O|  |TAMS 0x0000000087800000, 0x0000000087700000| Untracked 
|  32|0x0000000087800000, 0x0000000087900000, 0x0000000087900000|100%| O|  |TAMS 0x0000000087900000, 0x0000000087800000| Untracked 
|  33|0x0000000087900000, 0x0000000087a00000, 0x0000000087a00000|100%| O|  |TAMS 0x0000000087a00000, 0x0000000087900000| Untracked 
|  34|0x0000000087a00000, 0x0000000087b00000, 0x0000000087b00000|100%| O|  |TAMS 0x0000000087b00000, 0x0000000087a00000| Untracked 
|  35|0x0000000087b00000, 0x0000000087c00000, 0x0000000087c00000|100%| O|  |TAMS 0x0000000087c00000, 0x0000000087b00000| Untracked 
|  36|0x0000000087c00000, 0x0000000087d00000, 0x0000000087d00000|100%| O|  |TAMS 0x0000000087d00000, 0x0000000087c00000| Untracked 
|  37|0x0000000087d00000, 0x0000000087e00000, 0x0000000087e00000|100%| O|  |TAMS 0x0000000087e00000, 0x0000000087d00000| Untracked 
|  38|0x0000000087e00000, 0x0000000087f00000, 0x0000000087f00000|100%| O|  |TAMS 0x0000000087f00000, 0x0000000087e00000| Untracked 
|  39|0x0000000087f00000, 0x0000000088000000, 0x0000000088000000|100%| O|  |TAMS 0x0000000088000000, 0x0000000087f00000| Complete 
|  40|0x0000000088000000, 0x0000000088100000, 0x0000000088100000|100%| O|  |TAMS 0x0000000088100000, 0x0000000088000000| Untracked 
|  41|0x0000000088100000, 0x0000000088200000, 0x0000000088200000|100%| O|  |TAMS 0x0000000088200000, 0x0000000088100000| Untracked 
|  42|0x0000000088200000, 0x0000000088300000, 0x0000000088300000|100%| O|  |TAMS 0x0000000088300000, 0x0000000088200000| Untracked 
|  43|0x0000000088300000, 0x0000000088400000, 0x0000000088400000|100%| O|  |TAMS 0x0000000088400000, 0x0000000088300000| Untracked 
|  44|0x0000000088400000, 0x0000000088500000, 0x0000000088500000|100%| O|  |TAMS 0x0000000088500000, 0x0000000088400000| Untracked 
|  45|0x0000000088500000, 0x0000000088600000, 0x0000000088600000|100%| O|  |TAMS 0x0000000088600000, 0x0000000088500000| Untracked 
|  46|0x0000000088600000, 0x0000000088700000, 0x0000000088700000|100%| O|  |TAMS 0x0000000088700000, 0x0000000088600000| Untracked 
|  47|0x0000000088700000, 0x0000000088800000, 0x0000000088800000|100%| O|  |TAMS 0x0000000088800000, 0x0000000088700000| Untracked 
|  48|0x0000000088800000, 0x0000000088900000, 0x0000000088900000|100%| O|  |TAMS 0x0000000088900000, 0x0000000088800000| Untracked 
|  49|0x0000000088900000, 0x0000000088a00000, 0x0000000088a00000|100%| O|  |TAMS 0x0000000088a00000, 0x0000000088900000| Untracked 
|  50|0x0000000088a00000, 0x0000000088a00000, 0x0000000088b00000|  0%| F|  |TAMS 0x0000000088a00000, 0x0000000088a00000| Untracked 
|  51|0x0000000088b00000, 0x0000000088c00000, 0x0000000088c00000|100%| O|  |TAMS 0x0000000088c00000, 0x0000000088b00000| Untracked 
|  52|0x0000000088c00000, 0x0000000088d00000, 0x0000000088d00000|100%| O|  |TAMS 0x0000000088d00000, 0x0000000088c00000| Untracked 
|  53|0x0000000088d00000, 0x0000000088e00000, 0x0000000088e00000|100%| O|  |TAMS 0x0000000088e00000, 0x0000000088d00000| Untracked 
|  54|0x0000000088e00000, 0x0000000088f00000, 0x0000000088f00000|100%| O|  |TAMS 0x0000000088f00000, 0x0000000088e00000| Untracked 
|  55|0x0000000088f00000, 0x0000000089000000, 0x0000000089000000|100%| O|  |TAMS 0x0000000089000000, 0x0000000088f00000| Untracked 
|  56|0x0000000089000000, 0x0000000089100000, 0x0000000089100000|100%| O|  |TAMS 0x0000000089100000, 0x0000000089000000| Untracked 
|  57|0x0000000089100000, 0x0000000089200000, 0x0000000089200000|100%| O|  |TAMS 0x0000000089200000, 0x0000000089100000| Untracked 
|  58|0x0000000089200000, 0x0000000089300000, 0x0000000089300000|100%| O|  |TAMS 0x0000000089300000, 0x0000000089200000| Untracked 
|  59|0x0000000089300000, 0x0000000089400000, 0x0000000089400000|100%| O|  |TAMS 0x0000000089400000, 0x0000000089300000| Untracked 
|  60|0x0000000089400000, 0x0000000089500000, 0x0000000089500000|100%| O|  |TAMS 0x0000000089500000, 0x0000000089400000| Untracked 
|  61|0x0000000089500000, 0x0000000089600000, 0x0000000089600000|100%| O|  |TAMS 0x0000000089600000, 0x0000000089500000| Untracked 
|  62|0x0000000089600000, 0x0000000089700000, 0x0000000089700000|100%| O|  |TAMS 0x0000000089700000, 0x0000000089600000| Untracked 
|  63|0x0000000089700000, 0x0000000089800000, 0x0000000089800000|100%| O|  |TAMS 0x0000000089800000, 0x0000000089700000| Untracked 
|  64|0x0000000089800000, 0x0000000089900000, 0x0000000089900000|100%| O|  |TAMS 0x0000000089900000, 0x0000000089800000| Untracked 
|  65|0x0000000089900000, 0x0000000089a00000, 0x0000000089a00000|100%| O|  |TAMS 0x0000000089a00000, 0x0000000089900000| Untracked 
|  66|0x0000000089a00000, 0x0000000089b00000, 0x0000000089b00000|100%| O|  |TAMS 0x0000000089b00000, 0x0000000089a00000| Untracked 
|  67|0x0000000089b00000, 0x0000000089c00000, 0x0000000089c00000|100%| O|  |TAMS 0x0000000089c00000, 0x0000000089b00000| Untracked 
|  68|0x0000000089c00000, 0x0000000089d00000, 0x0000000089d00000|100%| O|  |TAMS 0x0000000089d00000, 0x0000000089c00000| Untracked 
|  69|0x0000000089d00000, 0x0000000089e00000, 0x0000000089e00000|100%| O|  |TAMS 0x0000000089e00000, 0x0000000089d00000| Untracked 
|  70|0x0000000089e00000, 0x0000000089f00000, 0x0000000089f00000|100%| O|  |TAMS 0x0000000089f00000, 0x0000000089e00000| Untracked 
|  71|0x0000000089f00000, 0x000000008a000000, 0x000000008a000000|100%|HS|  |TAMS 0x0000000089f00000, 0x0000000089f00000| Complete 
|  72|0x000000008a000000, 0x000000008a100000, 0x000000008a100000|100%|HC|  |TAMS 0x000000008a000000, 0x000000008a000000| Complete 
|  73|0x000000008a100000, 0x000000008a100000, 0x000000008a200000|  0%| F|  |TAMS 0x000000008a100000, 0x000000008a100000| Untracked 
|  74|0x000000008a200000, 0x000000008a200000, 0x000000008a300000|  0%| F|  |TAMS 0x000000008a200000, 0x000000008a200000| Untracked 
|  75|0x000000008a300000, 0x000000008a300000, 0x000000008a400000|  0%| F|  |TAMS 0x000000008a300000, 0x000000008a300000| Untracked 
|  76|0x000000008a400000, 0x000000008a400000, 0x000000008a500000|  0%| F|  |TAMS 0x000000008a400000, 0x000000008a400000| Untracked 
|  77|0x000000008a500000, 0x000000008a500000, 0x000000008a600000|  0%| F|  |TAMS 0x000000008a500000, 0x000000008a500000| Untracked 
|  78|0x000000008a600000, 0x000000008a600000, 0x000000008a700000|  0%| F|  |TAMS 0x000000008a600000, 0x000000008a600000| Untracked 
|  79|0x000000008a700000, 0x000000008a700000, 0x000000008a800000|  0%| F|  |TAMS 0x000000008a700000, 0x000000008a700000| Untracked 
|  80|0x000000008a800000, 0x000000008a800000, 0x000000008a900000|  0%| F|  |TAMS 0x000000008a800000, 0x000000008a800000| Untracked 
|  81|0x000000008a900000, 0x000000008a900000, 0x000000008aa00000|  0%| F|  |TAMS 0x000000008a900000, 0x000000008a900000| Untracked 
|  82|0x000000008aa00000, 0x000000008aa00000, 0x000000008ab00000|  0%| F|  |TAMS 0x000000008aa00000, 0x000000008aa00000| Untracked 
|  83|0x000000008ab00000, 0x000000008ab00000, 0x000000008ac00000|  0%| F|  |TAMS 0x000000008ab00000, 0x000000008ab00000| Untracked 
|  84|0x000000008ac00000, 0x000000008ac00000, 0x000000008ad00000|  0%| F|  |TAMS 0x000000008ac00000, 0x000000008ac00000| Untracked 
|  85|0x000000008ad00000, 0x000000008ad00000, 0x000000008ae00000|  0%| F|  |TAMS 0x000000008ad00000, 0x000000008ad00000| Untracked 
|  86|0x000000008ae00000, 0x000000008ae00000, 0x000000008af00000|  0%| F|  |TAMS 0x000000008ae00000, 0x000000008ae00000| Untracked 
|  87|0x000000008af00000, 0x000000008af00000, 0x000000008b000000|  0%| F|  |TAMS 0x000000008af00000, 0x000000008af00000| Untracked 
|  88|0x000000008b000000, 0x000000008b000000, 0x000000008b100000|  0%| F|  |TAMS 0x000000008b000000, 0x000000008b000000| Untracked 
|  89|0x000000008b100000, 0x000000008b1dd018, 0x000000008b200000| 86%| S|CS|TAMS 0x000000008b100000, 0x000000008b100000| Complete 
|  90|0x000000008b200000, 0x000000008b300000, 0x000000008b300000|100%| S|CS|TAMS 0x000000008b200000, 0x000000008b200000| Complete 
|  91|0x000000008b300000, 0x000000008b400000, 0x000000008b400000|100%| S|CS|TAMS 0x000000008b300000, 0x000000008b300000| Complete 
|  92|0x000000008b400000, 0x000000008b400000, 0x000000008b500000|  0%| F|  |TAMS 0x000000008b400000, 0x000000008b400000| Untracked 
|  93|0x000000008b500000, 0x000000008b500000, 0x000000008b600000|  0%| F|  |TAMS 0x000000008b500000, 0x000000008b500000| Untracked 
|  94|0x000000008b600000, 0x000000008b600000, 0x000000008b700000|  0%| F|  |TAMS 0x000000008b600000, 0x000000008b600000| Untracked 
|  95|0x000000008b700000, 0x000000008b700000, 0x000000008b800000|  0%| F|  |TAMS 0x000000008b700000, 0x000000008b700000| Untracked 
|  96|0x000000008b800000, 0x000000008b800000, 0x000000008b900000|  0%| F|  |TAMS 0x000000008b800000, 0x000000008b800000| Untracked 
|  97|0x000000008b900000, 0x000000008b900000, 0x000000008ba00000|  0%| F|  |TAMS 0x000000008b900000, 0x000000008b900000| Untracked 
|  98|0x000000008ba00000, 0x000000008ba00000, 0x000000008bb00000|  0%| F|  |TAMS 0x000000008ba00000, 0x000000008ba00000| Untracked 
|  99|0x000000008bb00000, 0x000000008bb00000, 0x000000008bc00000|  0%| F|  |TAMS 0x000000008bb00000, 0x000000008bb00000| Untracked 
| 100|0x000000008bc00000, 0x000000008bc00000, 0x000000008bd00000|  0%| F|  |TAMS 0x000000008bc00000, 0x000000008bc00000| Untracked 
| 101|0x000000008bd00000, 0x000000008bd00000, 0x000000008be00000|  0%| F|  |TAMS 0x000000008bd00000, 0x000000008bd00000| Untracked 
| 102|0x000000008be00000, 0x000000008be00000, 0x000000008bf00000|  0%| F|  |TAMS 0x000000008be00000, 0x000000008be00000| Untracked 
| 103|0x000000008bf00000, 0x000000008bf00000, 0x000000008c000000|  0%| F|  |TAMS 0x000000008bf00000, 0x000000008bf00000| Untracked 
| 104|0x000000008c000000, 0x000000008c000000, 0x000000008c100000|  0%| F|  |TAMS 0x000000008c000000, 0x000000008c000000| Untracked 
| 105|0x000000008c100000, 0x000000008c100000, 0x000000008c200000|  0%| F|  |TAMS 0x000000008c100000, 0x000000008c100000| Untracked 
| 106|0x000000008c200000, 0x000000008c200000, 0x000000008c300000|  0%| F|  |TAMS 0x000000008c200000, 0x000000008c200000| Untracked 
| 107|0x000000008c300000, 0x000000008c300000, 0x000000008c400000|  0%| F|  |TAMS 0x000000008c300000, 0x000000008c300000| Untracked 
| 108|0x000000008c400000, 0x000000008c400000, 0x000000008c500000|  0%| F|  |TAMS 0x000000008c400000, 0x000000008c400000| Untracked 
| 109|0x000000008c500000, 0x000000008c500000, 0x000000008c600000|  0%| F|  |TAMS 0x000000008c500000, 0x000000008c500000| Untracked 
| 110|0x000000008c600000, 0x000000008c600000, 0x000000008c700000|  0%| F|  |TAMS 0x000000008c600000, 0x000000008c600000| Untracked 
| 111|0x000000008c700000, 0x000000008c700000, 0x000000008c800000|  0%| F|  |TAMS 0x000000008c700000, 0x000000008c700000| Untracked 
| 112|0x000000008c800000, 0x000000008c800000, 0x000000008c900000|  0%| F|  |TAMS 0x000000008c800000, 0x000000008c800000| Untracked 
| 113|0x000000008c900000, 0x000000008c900000, 0x000000008ca00000|  0%| F|  |TAMS 0x000000008c900000, 0x000000008c900000| Untracked 
| 114|0x000000008ca00000, 0x000000008ca00000, 0x000000008cb00000|  0%| F|  |TAMS 0x000000008ca00000, 0x000000008ca00000| Untracked 
| 115|0x000000008cb00000, 0x000000008cb00000, 0x000000008cc00000|  0%| F|  |TAMS 0x000000008cb00000, 0x000000008cb00000| Untracked 
| 116|0x000000008cc00000, 0x000000008cc00000, 0x000000008cd00000|  0%| F|  |TAMS 0x000000008cc00000, 0x000000008cc00000| Untracked 
| 117|0x000000008cd00000, 0x000000008cd00000, 0x000000008ce00000|  0%| F|  |TAMS 0x000000008cd00000, 0x000000008cd00000| Untracked 
| 118|0x000000008ce00000, 0x000000008ce00000, 0x000000008cf00000|  0%| F|  |TAMS 0x000000008ce00000, 0x000000008ce00000| Untracked 
| 119|0x000000008cf00000, 0x000000008cf00000, 0x000000008d000000|  0%| F|  |TAMS 0x000000008cf00000, 0x000000008cf00000| Untracked 
| 120|0x000000008d000000, 0x000000008d000000, 0x000000008d100000|  0%| F|  |TAMS 0x000000008d000000, 0x000000008d000000| Untracked 
| 121|0x000000008d100000, 0x000000008d100000, 0x000000008d200000|  0%| F|  |TAMS 0x000000008d100000, 0x000000008d100000| Untracked 
| 122|0x000000008d200000, 0x000000008d200000, 0x000000008d300000|  0%| F|  |TAMS 0x000000008d200000, 0x000000008d200000| Untracked 
| 123|0x000000008d300000, 0x000000008d300000, 0x000000008d400000|  0%| F|  |TAMS 0x000000008d300000, 0x000000008d300000| Untracked 
| 124|0x000000008d400000, 0x000000008d400000, 0x000000008d500000|  0%| F|  |TAMS 0x000000008d400000, 0x000000008d400000| Untracked 
| 125|0x000000008d500000, 0x000000008d500000, 0x000000008d600000|  0%| F|  |TAMS 0x000000008d500000, 0x000000008d500000| Untracked 
| 126|0x000000008d600000, 0x000000008d600000, 0x000000008d700000|  0%| F|  |TAMS 0x000000008d600000, 0x000000008d600000| Untracked 
| 127|0x000000008d700000, 0x000000008d700000, 0x000000008d800000|  0%| F|  |TAMS 0x000000008d700000, 0x000000008d700000| Untracked 
| 128|0x000000008d800000, 0x000000008d800000, 0x000000008d900000|  0%| F|  |TAMS 0x000000008d800000, 0x000000008d800000| Untracked 
| 129|0x000000008d900000, 0x000000008d900000, 0x000000008da00000|  0%| F|  |TAMS 0x000000008d900000, 0x000000008d900000| Untracked 
| 130|0x000000008da00000, 0x000000008da00000, 0x000000008db00000|  0%| F|  |TAMS 0x000000008da00000, 0x000000008da00000| Untracked 
| 131|0x000000008db00000, 0x000000008db00000, 0x000000008dc00000|  0%| F|  |TAMS 0x000000008db00000, 0x000000008db00000| Untracked 
| 132|0x000000008dc00000, 0x000000008dc00000, 0x000000008dd00000|  0%| F|  |TAMS 0x000000008dc00000, 0x000000008dc00000| Untracked 
| 133|0x000000008dd00000, 0x000000008dd00000, 0x000000008de00000|  0%| F|  |TAMS 0x000000008dd00000, 0x000000008dd00000| Untracked 
| 134|0x000000008de00000, 0x000000008de00000, 0x000000008df00000|  0%| F|  |TAMS 0x000000008de00000, 0x000000008de00000| Untracked 
| 135|0x000000008df00000, 0x000000008df00000, 0x000000008e000000|  0%| F|  |TAMS 0x000000008df00000, 0x000000008df00000| Untracked 
| 136|0x000000008e000000, 0x000000008e000000, 0x000000008e100000|  0%| F|  |TAMS 0x000000008e000000, 0x000000008e000000| Untracked 
| 137|0x000000008e100000, 0x000000008e100000, 0x000000008e200000|  0%| F|  |TAMS 0x000000008e100000, 0x000000008e100000| Untracked 
| 138|0x000000008e200000, 0x000000008e200000, 0x000000008e300000|  0%| F|  |TAMS 0x000000008e200000, 0x000000008e200000| Untracked 
| 139|0x000000008e300000, 0x000000008e300000, 0x000000008e400000|  0%| F|  |TAMS 0x000000008e300000, 0x000000008e300000| Untracked 
| 140|0x000000008e400000, 0x000000008e400000, 0x000000008e500000|  0%| F|  |TAMS 0x000000008e400000, 0x000000008e400000| Untracked 
| 141|0x000000008e500000, 0x000000008e500000, 0x000000008e600000|  0%| F|  |TAMS 0x000000008e500000, 0x000000008e500000| Untracked 
| 142|0x000000008e600000, 0x000000008e600000, 0x000000008e700000|  0%| F|  |TAMS 0x000000008e600000, 0x000000008e600000| Untracked 
| 143|0x000000008e700000, 0x000000008e700000, 0x000000008e800000|  0%| F|  |TAMS 0x000000008e700000, 0x000000008e700000| Untracked 
| 144|0x000000008e800000, 0x000000008e800000, 0x000000008e900000|  0%| F|  |TAMS 0x000000008e800000, 0x000000008e800000| Untracked 
| 145|0x000000008e900000, 0x000000008e900000, 0x000000008ea00000|  0%| F|  |TAMS 0x000000008e900000, 0x000000008e900000| Untracked 
| 146|0x000000008ea00000, 0x000000008ea00000, 0x000000008eb00000|  0%| F|  |TAMS 0x000000008ea00000, 0x000000008ea00000| Untracked 
| 147|0x000000008eb00000, 0x000000008eb00000, 0x000000008ec00000|  0%| F|  |TAMS 0x000000008eb00000, 0x000000008eb00000| Untracked 
| 148|0x000000008ec00000, 0x000000008ec00000, 0x000000008ed00000|  0%| F|  |TAMS 0x000000008ec00000, 0x000000008ec00000| Untracked 
| 149|0x000000008ed00000, 0x000000008ed00000, 0x000000008ee00000|  0%| F|  |TAMS 0x000000008ed00000, 0x000000008ed00000| Untracked 
| 150|0x000000008ee00000, 0x000000008ee00000, 0x000000008ef00000|  0%| F|  |TAMS 0x000000008ee00000, 0x000000008ee00000| Untracked 
| 151|0x000000008ef00000, 0x000000008ef00000, 0x000000008f000000|  0%| F|  |TAMS 0x000000008ef00000, 0x000000008ef00000| Untracked 
| 152|0x000000008f000000, 0x000000008f000000, 0x000000008f100000|  0%| F|  |TAMS 0x000000008f000000, 0x000000008f000000| Untracked 
| 153|0x000000008f100000, 0x000000008f100000, 0x000000008f200000|  0%| F|  |TAMS 0x000000008f100000, 0x000000008f100000| Untracked 
| 154|0x000000008f200000, 0x000000008f200000, 0x000000008f300000|  0%| F|  |TAMS 0x000000008f200000, 0x000000008f200000| Untracked 
| 155|0x000000008f300000, 0x000000008f300000, 0x000000008f400000|  0%| F|  |TAMS 0x000000008f300000, 0x000000008f300000| Untracked 
| 156|0x000000008f400000, 0x000000008f400000, 0x000000008f500000|  0%| F|  |TAMS 0x000000008f400000, 0x000000008f400000| Untracked 
| 157|0x000000008f500000, 0x000000008f500000, 0x000000008f600000|  0%| F|  |TAMS 0x000000008f500000, 0x000000008f500000| Untracked 
| 158|0x000000008f600000, 0x000000008f600000, 0x000000008f700000|  0%| F|  |TAMS 0x000000008f600000, 0x000000008f600000| Untracked 
| 159|0x000000008f700000, 0x000000008f700000, 0x000000008f800000|  0%| F|  |TAMS 0x000000008f700000, 0x000000008f700000| Untracked 
| 160|0x000000008f800000, 0x000000008f800000, 0x000000008f900000|  0%| F|  |TAMS 0x000000008f800000, 0x000000008f800000| Untracked 
| 161|0x000000008f900000, 0x000000008f900000, 0x000000008fa00000|  0%| F|  |TAMS 0x000000008f900000, 0x000000008f900000| Untracked 
| 162|0x000000008fa00000, 0x000000008fa00000, 0x000000008fb00000|  0%| F|  |TAMS 0x000000008fa00000, 0x000000008fa00000| Untracked 
| 163|0x000000008fb00000, 0x000000008fb00000, 0x000000008fc00000|  0%| F|  |TAMS 0x000000008fb00000, 0x000000008fb00000| Untracked 
| 164|0x000000008fc00000, 0x000000008fc00000, 0x000000008fd00000|  0%| F|  |TAMS 0x000000008fc00000, 0x000000008fc00000| Untracked 
| 165|0x000000008fd00000, 0x000000008fd00000, 0x000000008fe00000|  0%| F|  |TAMS 0x000000008fd00000, 0x000000008fd00000| Untracked 
| 166|0x000000008fe00000, 0x000000008fe00000, 0x000000008ff00000|  0%| F|  |TAMS 0x000000008fe00000, 0x000000008fe00000| Untracked 
| 167|0x000000008ff00000, 0x000000008ff00000, 0x0000000090000000|  0%| F|  |TAMS 0x000000008ff00000, 0x000000008ff00000| Untracked 
| 168|0x0000000090000000, 0x0000000090000000, 0x0000000090100000|  0%| F|  |TAMS 0x0000000090000000, 0x0000000090000000| Untracked 
| 169|0x0000000090100000, 0x0000000090100000, 0x0000000090200000|  0%| F|  |TAMS 0x0000000090100000, 0x0000000090100000| Untracked 
| 170|0x0000000090200000, 0x0000000090200000, 0x0000000090300000|  0%| F|  |TAMS 0x0000000090200000, 0x0000000090200000| Untracked 
| 171|0x0000000090300000, 0x0000000090300000, 0x0000000090400000|  0%| F|  |TAMS 0x0000000090300000, 0x0000000090300000| Untracked 
| 172|0x0000000090400000, 0x0000000090400000, 0x0000000090500000|  0%| F|  |TAMS 0x0000000090400000, 0x0000000090400000| Untracked 
| 173|0x0000000090500000, 0x0000000090500000, 0x0000000090600000|  0%| F|  |TAMS 0x0000000090500000, 0x0000000090500000| Untracked 
| 174|0x0000000090600000, 0x0000000090600000, 0x0000000090700000|  0%| F|  |TAMS 0x0000000090600000, 0x0000000090600000| Untracked 
| 175|0x0000000090700000, 0x0000000090700000, 0x0000000090800000|  0%| F|  |TAMS 0x0000000090700000, 0x0000000090700000| Untracked 
| 176|0x0000000090800000, 0x0000000090800000, 0x0000000090900000|  0%| F|  |TAMS 0x0000000090800000, 0x0000000090800000| Untracked 
| 177|0x0000000090900000, 0x0000000090900000, 0x0000000090a00000|  0%| F|  |TAMS 0x0000000090900000, 0x0000000090900000| Untracked 
| 178|0x0000000090a00000, 0x0000000090a00000, 0x0000000090b00000|  0%| F|  |TAMS 0x0000000090a00000, 0x0000000090a00000| Untracked 
| 179|0x0000000090b00000, 0x0000000090b00000, 0x0000000090c00000|  0%| F|  |TAMS 0x0000000090b00000, 0x0000000090b00000| Untracked 
| 180|0x0000000090c00000, 0x0000000090c00000, 0x0000000090d00000|  0%| F|  |TAMS 0x0000000090c00000, 0x0000000090c00000| Untracked 
| 181|0x0000000090d00000, 0x0000000090d00000, 0x0000000090e00000|  0%| F|  |TAMS 0x0000000090d00000, 0x0000000090d00000| Untracked 
| 182|0x0000000090e00000, 0x0000000090e00000, 0x0000000090f00000|  0%| F|  |TAMS 0x0000000090e00000, 0x0000000090e00000| Untracked 
| 183|0x0000000090f00000, 0x0000000090f00000, 0x0000000091000000|  0%| F|  |TAMS 0x0000000090f00000, 0x0000000090f00000| Untracked 
| 184|0x0000000091000000, 0x0000000091000000, 0x0000000091100000|  0%| F|  |TAMS 0x0000000091000000, 0x0000000091000000| Untracked 
| 185|0x0000000091100000, 0x0000000091100000, 0x0000000091200000|  0%| F|  |TAMS 0x0000000091100000, 0x0000000091100000| Untracked 
| 186|0x0000000091200000, 0x0000000091200000, 0x0000000091300000|  0%| F|  |TAMS 0x0000000091200000, 0x0000000091200000| Untracked 
| 187|0x0000000091300000, 0x0000000091300000, 0x0000000091400000|  0%| F|  |TAMS 0x0000000091300000, 0x0000000091300000| Untracked 
| 188|0x0000000091400000, 0x0000000091400000, 0x0000000091500000|  0%| F|  |TAMS 0x0000000091400000, 0x0000000091400000| Untracked 
| 189|0x0000000091500000, 0x0000000091500000, 0x0000000091600000|  0%| F|  |TAMS 0x0000000091500000, 0x0000000091500000| Untracked 
| 190|0x0000000091600000, 0x0000000091600000, 0x0000000091700000|  0%| F|  |TAMS 0x0000000091600000, 0x0000000091600000| Untracked 
| 191|0x0000000091700000, 0x0000000091700000, 0x0000000091800000|  0%| F|  |TAMS 0x0000000091700000, 0x0000000091700000| Untracked 
| 192|0x0000000091800000, 0x0000000091800000, 0x0000000091900000|  0%| F|  |TAMS 0x0000000091800000, 0x0000000091800000| Untracked 
| 193|0x0000000091900000, 0x0000000091980800, 0x0000000091a00000| 50%| E|  |TAMS 0x0000000091900000, 0x0000000091900000| Complete 
| 194|0x0000000091a00000, 0x0000000091b00000, 0x0000000091b00000|100%| E|CS|TAMS 0x0000000091a00000, 0x0000000091a00000| Complete 
| 195|0x0000000091b00000, 0x0000000091c00000, 0x0000000091c00000|100%| E|CS|TAMS 0x0000000091b00000, 0x0000000091b00000| Complete 
| 196|0x0000000091c00000, 0x0000000091d00000, 0x0000000091d00000|100%| E|CS|TAMS 0x0000000091c00000, 0x0000000091c00000| Complete 
| 197|0x0000000091d00000, 0x0000000091e00000, 0x0000000091e00000|100%| E|CS|TAMS 0x0000000091d00000, 0x0000000091d00000| Complete 
| 198|0x0000000091e00000, 0x0000000091f00000, 0x0000000091f00000|100%| E|CS|TAMS 0x0000000091e00000, 0x0000000091e00000| Complete 
| 199|0x0000000091f00000, 0x0000000092000000, 0x0000000092000000|100%| E|CS|TAMS 0x0000000091f00000, 0x0000000091f00000| Complete 
| 200|0x0000000092000000, 0x0000000092100000, 0x0000000092100000|100%| E|CS|TAMS 0x0000000092000000, 0x0000000092000000| Complete 
| 201|0x0000000092100000, 0x0000000092200000, 0x0000000092200000|100%| E|CS|TAMS 0x0000000092100000, 0x0000000092100000| Complete 
| 202|0x0000000092200000, 0x0000000092300000, 0x0000000092300000|100%| E|CS|TAMS 0x0000000092200000, 0x0000000092200000| Complete 
| 203|0x0000000092300000, 0x0000000092400000, 0x0000000092400000|100%| E|CS|TAMS 0x0000000092300000, 0x0000000092300000| Complete 
| 204|0x0000000092400000, 0x0000000092500000, 0x0000000092500000|100%| E|CS|TAMS 0x0000000092400000, 0x0000000092400000| Complete 
| 205|0x0000000092500000, 0x0000000092600000, 0x0000000092600000|100%| E|CS|TAMS 0x0000000092500000, 0x0000000092500000| Complete 
| 206|0x0000000092600000, 0x0000000092700000, 0x0000000092700000|100%| E|CS|TAMS 0x0000000092600000, 0x0000000092600000| Complete 
| 207|0x0000000092700000, 0x0000000092800000, 0x0000000092800000|100%| E|CS|TAMS 0x0000000092700000, 0x0000000092700000| Complete 
| 208|0x0000000092800000, 0x0000000092900000, 0x0000000092900000|100%| E|CS|TAMS 0x0000000092800000, 0x0000000092800000| Complete 
| 209|0x0000000092900000, 0x0000000092a00000, 0x0000000092a00000|100%| E|CS|TAMS 0x0000000092900000, 0x0000000092900000| Complete 
| 210|0x0000000092a00000, 0x0000000092b00000, 0x0000000092b00000|100%| E|CS|TAMS 0x0000000092a00000, 0x0000000092a00000| Complete 
| 211|0x0000000092b00000, 0x0000000092c00000, 0x0000000092c00000|100%| E|CS|TAMS 0x0000000092b00000, 0x0000000092b00000| Complete 
| 212|0x0000000092c00000, 0x0000000092d00000, 0x0000000092d00000|100%| E|CS|TAMS 0x0000000092c00000, 0x0000000092c00000| Complete 
| 213|0x0000000092d00000, 0x0000000092e00000, 0x0000000092e00000|100%| E|CS|TAMS 0x0000000092d00000, 0x0000000092d00000| Complete 
| 214|0x0000000092e00000, 0x0000000092f00000, 0x0000000092f00000|100%| E|CS|TAMS 0x0000000092e00000, 0x0000000092e00000| Complete 
| 215|0x0000000092f00000, 0x0000000093000000, 0x0000000093000000|100%| E|CS|TAMS 0x0000000092f00000, 0x0000000092f00000| Complete 
| 216|0x0000000093000000, 0x0000000093100000, 0x0000000093100000|100%| E|CS|TAMS 0x0000000093000000, 0x0000000093000000| Complete 
| 217|0x0000000093100000, 0x0000000093200000, 0x0000000093200000|100%| E|CS|TAMS 0x0000000093100000, 0x0000000093100000| Complete 

Card table byte_map: [0x0000014373a80000,0x0000014373e60000] _byte_map_base: 0x0000014373654000

Marking Bits (Prev, Next): (CMBitMap*) 0x000001436b8f7210, (CMBitMap*) 0x000001436b8f71d0
 Prev Bits: [0x00000143760e0000, 0x0000014377f80000)
 Next Bits: [0x0000014374240000, 0x00000143760e0000)

Polling page: 0x000001436b030000

Metaspace:

Usage:
  Non-class:     51.25 MB used.
      Class:      6.70 MB used.
       Both:     57.95 MB used.

Virtual space:
  Non-class space:       64.00 MB reserved,      51.44 MB ( 80%) committed,  1 nodes.
      Class space:        1.00 GB reserved,       6.81 MB ( <1%) committed,  1 nodes.
             Both:        1.06 GB reserved,      58.25 MB (  5%) committed. 

Chunk freelists:
   Non-Class:  12.48 MB
       Class:  9.13 MB
        Both:  21.62 MB

MaxMetaspaceSize: unlimited
CompressedClassSpaceSize: 1.00 GB
Initial GC threshold: 21.00 MB
Current GC threshold: 96.56 MB
CDS: on
MetaspaceReclaimPolicy: balanced
 - commit_granule_bytes: 65536.
 - commit_granule_words: 8192.
 - virtual_space_node_default_size: 8388608.
 - enlarge_chunks_in_place: 1.
 - new_chunks_are_fully_committed: 0.
 - uncommit_free_chunks: 1.
 - use_allocation_guard: 0.
 - handle_deallocations: 1.


Internal statistics:

num_allocs_failed_limit: 6.
num_arena_births: 370.
num_arena_deaths: 0.
num_vsnodes_births: 2.
num_vsnodes_deaths: 0.
num_space_committed: 930.
num_space_uncommitted: 0.
num_chunks_returned_to_freelist: 6.
num_chunks_taken_from_freelist: 2583.
num_chunk_merges: 6.
num_chunk_splits: 1962.
num_chunks_enlarged: 1676.
num_inconsistent_stats: 0.

CodeHeap 'non-profiled nmethods': size=120000Kb used=6175Kb max_used=6175Kb free=113824Kb
 bounds [0x0000014307ad0000, 0x00000143080e0000, 0x000001430f000000]
CodeHeap 'profiled nmethods': size=120000Kb used=28296Kb max_used=28296Kb free=91703Kb
 bounds [0x0000014300000000, 0x0000014301bb0000, 0x0000014307530000]
CodeHeap 'non-nmethods': size=5760Kb used=1324Kb max_used=1395Kb free=4436Kb
 bounds [0x0000014307530000, 0x00000143077a0000, 0x0000014307ad0000]
 total_blobs=10733 nmethods=10107 adapters=536
 compilation: enabled
              stopped_count=0, restarted_count=0
 full_count=0

Compilation events (20 events):
Event: 56.751 Thread 0x000001437a9c35e0 12281       3       org.jetbrains.kotlin.com.google.common.collect.AbstractSetMultimap::asMap (5 bytes)
Event: 56.752 Thread 0x000001437a9c35e0 nmethod 12281 0x0000014301b84b10 code [0x0000014301b84ce0, 0x0000014301b852b8]
Event: 56.752 Thread 0x000001437a9c35e0 12282       3       org.jetbrains.kotlin.com.google.common.collect.AbstractMultimap::asMap (23 bytes)
Event: 56.752 Thread 0x000001437a9c35e0 nmethod 12282 0x0000014301b85490 code [0x0000014301b85640, 0x0000014301b858e8]
Event: 56.752 Thread 0x000001437a9c35e0 12283       3       org.jetbrains.kotlin.contracts.model.structure.ValuesKt::isTrue (38 bytes)
Event: 56.753 Thread 0x000001437a9c35e0 nmethod 12283 0x0000014301b85990 code [0x0000014301b85be0, 0x0000014301b866f8]
Event: 56.753 Thread 0x000001437a9c35e0 12285       3       org.jetbrains.kotlin.com.google.common.collect.LinkedHashMultimap::access$400 (6 bytes)
Event: 56.754 Thread 0x000001437a9c35e0 nmethod 12285 0x0000014301b86a10 code [0x0000014301b86bc0, 0x0000014301b86df8]
Event: 56.754 Thread 0x000001437a9c35e0 12284       3       org.jetbrains.kotlin.com.google.common.collect.LinkedHashMultimap::asMap (5 bytes)
Event: 56.754 Thread 0x000001437a9c35e0 nmethod 12284 0x0000014301b86f10 code [0x0000014301b87100, 0x0000014301b87738]
Event: 56.754 Thread 0x000001437a9c35e0 12286       3       org.jetbrains.kotlin.com.google.common.collect.Maps$EntrySet::size (10 bytes)
Event: 56.754 Thread 0x000001437a9c35e0 nmethod 12286 0x0000014301b87910 code [0x0000014301b87ac0, 0x0000014301b87d58]
Event: 56.754 Thread 0x000001437a9c35e0 12287       3       org.jetbrains.kotlin.com.google.common.collect.AbstractMapBasedMultimap$AsMap::size (10 bytes)
Event: 56.755 Thread 0x000001437a9c35e0 nmethod 12287 0x0000014301b87e10 code [0x0000014301b87fc0, 0x0000014301b88188]
Event: 56.770 Thread 0x000001437a9c35e0 12289       3       org.jetbrains.kotlin.descriptors.annotations.CompositeAnnotations$iterator$1::invoke (9 bytes)
Event: 56.771 Thread 0x000001437a9c35e0 nmethod 12289 0x0000014301b88290 code [0x0000014301b88560, 0x0000014301b89418]
Event: 56.788 Thread 0x000001437a9c35e0 12290       3       org.jetbrains.kotlin.com.google.common.collect.LinkedHashMultimap$ValueSet::iterator (9 bytes)
Event: 56.789 Thread 0x000001437a9c35e0 nmethod 12290 0x0000014301b89890 code [0x0000014301b89a40, 0x0000014301b89d58]
Event: 56.789 Thread 0x000001437a9c35e0 12291       3       org.jetbrains.kotlin.com.google.common.collect.LinkedHashMultimap$ValueSet$1::<init> (32 bytes)
Event: 56.789 Thread 0x000001437a9c35e0 nmethod 12291 0x0000014301b89e90 code [0x0000014301b8a040, 0x0000014301b8a298]

GC Heap History (20 events):
Event: 25.664 GC heap before
{Heap before GC invocations=16 (full 0):
 garbage-first heap   total 98304K, used 71935K [0x0000000085800000, 0x0000000100000000)
  region size 1024K, 35 young (35840K), 4 survivors (4096K)
 Metaspace       used 50244K, committed 50496K, reserved 1114112K
  class space    used 6037K, committed 6144K, reserved 1048576K
}
Event: 25.816 GC heap after
{Heap after GC invocations=17 (full 0):
 garbage-first heap   total 98304K, used 46080K [0x0000000085800000, 0x0000000100000000)
  region size 1024K, 5 young (5120K), 5 survivors (5120K)
 Metaspace       used 50244K, committed 50496K, reserved 1114112K
  class space    used 6037K, committed 6144K, reserved 1048576K
}
Event: 27.388 GC heap before
{Heap before GC invocations=17 (full 0):
 garbage-first heap   total 98304K, used 74752K [0x0000000085800000, 0x0000000100000000)
  region size 1024K, 33 young (33792K), 5 survivors (5120K)
 Metaspace       used 50574K, committed 50880K, reserved 1114112K
  class space    used 6068K, committed 6208K, reserved 1048576K
}
Event: 27.438 GC heap after
{Heap after GC invocations=18 (full 0):
 garbage-first heap   total 98304K, used 51583K [0x0000000085800000, 0x0000000100000000)
  region size 1024K, 5 young (5120K), 5 survivors (5120K)
 Metaspace       used 50574K, committed 50880K, reserved 1114112K
  class space    used 6068K, committed 6208K, reserved 1048576K
}
Event: 32.396 GC heap before
{Heap before GC invocations=18 (full 0):
 garbage-first heap   total 98304K, used 75135K [0x0000000085800000, 0x0000000100000000)
  region size 1024K, 28 young (28672K), 5 survivors (5120K)
 Metaspace       used 51603K, committed 51840K, reserved 1114112K
  class space    used 6202K, committed 6336K, reserved 1048576K
}
Event: 32.473 GC heap after
{Heap after GC invocations=19 (full 0):
 garbage-first heap   total 118784K, used 56250K [0x0000000085800000, 0x0000000100000000)
  region size 1024K, 4 young (4096K), 4 survivors (4096K)
 Metaspace       used 51603K, committed 51840K, reserved 1114112K
  class space    used 6202K, committed 6336K, reserved 1048576K
}
Event: 33.593 GC heap before
{Heap before GC invocations=20 (full 0):
 garbage-first heap   total 118784K, used 90042K [0x0000000085800000, 0x0000000100000000)
  region size 1024K, 37 young (37888K), 4 survivors (4096K)
 Metaspace       used 51733K, committed 51968K, reserved 1114112K
  class space    used 6208K, committed 6336K, reserved 1048576K
}
Event: 33.626 GC heap after
{Heap after GC invocations=21 (full 0):
 garbage-first heap   total 118784K, used 61933K [0x0000000085800000, 0x0000000100000000)
  region size 1024K, 5 young (5120K), 5 survivors (5120K)
 Metaspace       used 51733K, committed 51968K, reserved 1114112K
  class space    used 6208K, committed 6336K, reserved 1048576K
}
Event: 34.888 GC heap before
{Heap before GC invocations=21 (full 0):
 garbage-first heap   total 118784K, used 91629K [0x0000000085800000, 0x0000000100000000)
  region size 1024K, 34 young (34816K), 5 survivors (5120K)
 Metaspace       used 52159K, committed 52480K, reserved 1114112K
  class space    used 6247K, committed 6400K, reserved 1048576K
}
Event: 34.902 GC heap after
{Heap after GC invocations=22 (full 0):
 garbage-first heap   total 118784K, used 63793K [0x0000000085800000, 0x0000000100000000)
  region size 1024K, 2 young (2048K), 2 survivors (2048K)
 Metaspace       used 52159K, committed 52480K, reserved 1114112K
  class space    used 6247K, committed 6400K, reserved 1048576K
}
Event: 36.261 GC heap before
{Heap before GC invocations=23 (full 0):
 garbage-first heap   total 122880K, used 93489K [0x0000000085800000, 0x0000000100000000)
  region size 1024K, 31 young (31744K), 2 survivors (2048K)
 Metaspace       used 52650K, committed 52928K, reserved 1114112K
  class space    used 6304K, committed 6464K, reserved 1048576K
}
Event: 36.278 GC heap after
{Heap after GC invocations=24 (full 0):
 garbage-first heap   total 122880K, used 64754K [0x0000000085800000, 0x0000000100000000)
  region size 1024K, 3 young (3072K), 3 survivors (3072K)
 Metaspace       used 52650K, committed 52928K, reserved 1114112K
  class space    used 6304K, committed 6464K, reserved 1048576K
}
Event: 42.709 GC heap before
{Heap before GC invocations=24 (full 0):
 garbage-first heap   total 122880K, used 98546K [0x0000000085800000, 0x0000000100000000)
  region size 1024K, 36 young (36864K), 3 survivors (3072K)
 Metaspace       used 55698K, committed 56000K, reserved 1114112K
  class space    used 6563K, committed 6720K, reserved 1048576K
}
Event: 42.734 GC heap after
{Heap after GC invocations=25 (full 0):
 garbage-first heap   total 122880K, used 67951K [0x0000000085800000, 0x0000000100000000)
  region size 1024K, 5 young (5120K), 5 survivors (5120K)
 Metaspace       used 55698K, committed 56000K, reserved 1114112K
  class space    used 6563K, committed 6720K, reserved 1048576K
}
Event: 46.090 GC heap before
{Heap before GC invocations=26 (full 0):
 garbage-first heap   total 122880K, used 100719K [0x0000000085800000, 0x0000000100000000)
  region size 1024K, 36 young (36864K), 5 survivors (5120K)
 Metaspace       used 57971K, committed 58304K, reserved 1114112K
  class space    used 6776K, committed 6912K, reserved 1048576K
}
Event: 46.124 GC heap after
{Heap after GC invocations=27 (full 0):
 garbage-first heap   total 122880K, used 72482K [0x0000000085800000, 0x0000000100000000)
  region size 1024K, 5 young (5120K), 5 survivors (5120K)
 Metaspace       used 57971K, committed 58304K, reserved 1114112K
  class space    used 6776K, committed 6912K, reserved 1048576K
}
Event: 46.186 GC heap before
{Heap before GC invocations=27 (full 0):
 garbage-first heap   total 122880K, used 72482K [0x0000000085800000, 0x0000000100000000)
  region size 1024K, 6 young (6144K), 5 survivors (5120K)
 Metaspace       used 58028K, committed 58368K, reserved 1114112K
  class space    used 6786K, committed 6912K, reserved 1048576K
}
Event: 46.205 GC heap after
{Heap after GC invocations=28 (full 0):
 garbage-first heap   total 122880K, used 72555K [0x0000000085800000, 0x0000000100000000)
  region size 1024K, 1 young (1024K), 1 survivors (1024K)
 Metaspace       used 58028K, committed 58368K, reserved 1114112K
  class space    used 6786K, committed 6912K, reserved 1048576K
}
Event: 52.302 GC heap before
{Heap before GC invocations=28 (full 0):
 garbage-first heap   total 122880K, used 100203K [0x0000000085800000, 0x0000000100000000)
  region size 1024K, 28 young (28672K), 1 survivors (1024K)
 Metaspace       used 59012K, committed 59328K, reserved 1114112K
  class space    used 6846K, committed 6976K, reserved 1048576K
}
Event: 52.346 GC heap after
{Heap after GC invocations=29 (full 0):
 garbage-first heap   total 223232K, used 74612K [0x0000000085800000, 0x0000000100000000)
  region size 1024K, 3 young (3072K), 3 survivors (3072K)
 Metaspace       used 59012K, committed 59328K, reserved 1114112K
  class space    used 6846K, committed 6976K, reserved 1048576K
}

Dll operation events (7 events):
Event: 0.028 Loaded shared library C:\Program Files\Microsoft\jdk-17.0.8.7-hotspot\bin\java.dll
Event: 0.108 Loaded shared library C:\Program Files\Microsoft\jdk-17.0.8.7-hotspot\bin\jsvml.dll
Event: 0.500 Loaded shared library C:\Program Files\Microsoft\jdk-17.0.8.7-hotspot\bin\net.dll
Event: 0.532 Loaded shared library C:\Program Files\Microsoft\jdk-17.0.8.7-hotspot\bin\nio.dll
Event: 0.618 Loaded shared library C:\Program Files\Microsoft\jdk-17.0.8.7-hotspot\bin\zip.dll
Event: 3.240 Loaded shared library C:\Program Files\Microsoft\jdk-17.0.8.7-hotspot\bin\jimage.dll
Event: 5.948 Loaded shared library C:\Program Files\Microsoft\jdk-17.0.8.7-hotspot\bin\verify.dll

Deoptimization events (20 events):
Event: 56.242 Thread 0x000001436b89be10 Uncommon trap: trap_request=0xffffffd6 fr.pc=0x00000143080bb9a4 relative=0x0000000000000cc4
Event: 56.242 Thread 0x000001436b89be10 Uncommon trap: reason=array_check action=maybe_recompile pc=0x00000143080bb9a4 method=org.jetbrains.kotlin.com.intellij.extapi.psi.StubBasedPsiElementBase.getStubOrPsiChildren(Lorg/jetbrains/kotlin/com/intellij/psi/stubs/IStubElementType;Lorg/jetbrains/ko
Event: 56.242 Thread 0x000001436b89be10 DEOPT PACKING pc=0x00000143080bb9a4 sp=0x00000023a09fb120
Event: 56.242 Thread 0x000001436b89be10 DEOPT UNPACKING pc=0x000001430758a1a3 sp=0x00000023a09fb0f8 mode 2
Event: 56.244 Thread 0x000001436b89be10 Uncommon trap: trap_request=0xffffffde fr.pc=0x0000014307f2ffc0 relative=0x0000000000000f60
Event: 56.244 Thread 0x000001436b89be10 Uncommon trap: reason=class_check action=maybe_recompile pc=0x0000014307f2ffc0 method=org.jetbrains.kotlin.serialization.deserialization.descriptors.DeserializedMemberScope$OptimizedImplementation.getContributedVariables(Lorg/jetbrains/kotlin/name/Name;Lo
Event: 56.245 Thread 0x000001436b89be10 DEOPT PACKING pc=0x0000014307f2ffc0 sp=0x00000023a09faad0
Event: 56.245 Thread 0x000001436b89be10 DEOPT UNPACKING pc=0x000001430758a1a3 sp=0x00000023a09faa18 mode 2
Event: 56.246 Thread 0x000001436b89be10 Uncommon trap: trap_request=0xffffffde fr.pc=0x0000014307e8d4c4 relative=0x0000000000002004
Event: 56.246 Thread 0x000001436b89be10 Uncommon trap: reason=class_check action=maybe_recompile pc=0x0000014307e8d4c4 method=org.jetbrains.kotlin.resolve.calls.inference.CapturedTypeConstructorKt.createCapturedIfNeeded(Lorg/jetbrains/kotlin/types/TypeProjection;Lorg/jetbrains/kotlin/descriptor
Event: 56.246 Thread 0x000001436b89be10 DEOPT PACKING pc=0x0000014307e8d4c4 sp=0x00000023a09f9e80
Event: 56.246 Thread 0x000001436b89be10 DEOPT UNPACKING pc=0x000001430758a1a3 sp=0x00000023a09f9c68 mode 2
Event: 56.253 Thread 0x000001436b89be10 Uncommon trap: trap_request=0xffffffde fr.pc=0x0000014307f2ffc0 relative=0x0000000000000f60
Event: 56.253 Thread 0x000001436b89be10 Uncommon trap: reason=class_check action=maybe_recompile pc=0x0000014307f2ffc0 method=org.jetbrains.kotlin.serialization.deserialization.descriptors.DeserializedMemberScope$OptimizedImplementation.getContributedVariables(Lorg/jetbrains/kotlin/name/Name;Lo
Event: 56.253 Thread 0x000001436b89be10 DEOPT PACKING pc=0x0000014307f2ffc0 sp=0x00000023a09faad0
Event: 56.253 Thread 0x000001436b89be10 DEOPT UNPACKING pc=0x000001430758a1a3 sp=0x00000023a09faa18 mode 2
Event: 56.707 Thread 0x000001436b89be10 Uncommon trap: trap_request=0xffffff66 fr.pc=0x0000014308038b40 relative=0x00000000000018a0
Event: 56.707 Thread 0x000001436b89be10 Uncommon trap: reason=speculate_class_check action=maybe_recompile pc=0x0000014308038b40 method=org.jetbrains.kotlin.types.SpecialTypesKt.isDefinitelyNotNullType(Lorg/jetbrains/kotlin/types/KotlinType;)Z @ 10 c2
Event: 56.707 Thread 0x000001436b89be10 DEOPT PACKING pc=0x0000014308038b40 sp=0x00000023a09f72c0
Event: 56.707 Thread 0x000001436b89be10 DEOPT UNPACKING pc=0x000001430758a1a3 sp=0x00000023a09f7188 mode 2

Classes unloaded (0 events):
No events

Classes redefined (0 events):
No events

Internal exceptions (20 events):
Event: 34.167 Thread 0x000001436b89be10 Implicit null exception at 0x0000014307d7e1cc to 0x0000014307d844e8
Event: 34.167 Thread 0x000001436b89be10 Implicit null exception at 0x0000014307daa2a7 to 0x0000014307dac7fc
Event: 34.240 Thread 0x000001436b89be10 Implicit null exception at 0x0000014307dafbe5 to 0x0000014307db0560
Event: 35.063 Thread 0x000001436b89be10 Implicit null exception at 0x0000014307bd861e to 0x0000014307bd8798
Event: 35.063 Thread 0x000001436b89be10 Implicit null exception at 0x0000014307b30c58 to 0x0000014307b30cee
Event: 36.007 Thread 0x000001436b89be10 Exception <a 'java/lang/NoSuchMethodError'{0x000000008b39a668}: 'java.lang.Object java.lang.invoke.DirectMethodHandle$Holder.newInvokeSpecial(java.lang.Object, java.lang.Object, java.lang.Object, java.lang.Object, java.lang.Object, java.lang.Object, java.lang.Object)'> (0x000000008b39a668) 
thrown [s\src\hotspot\share\interpreter\linkResolver.cpp, line 759]
Event: 36.007 Thread 0x000001436b89be10 Exception <a 'java/lang/NoSuchMethodError'{0x000000008b39f220}: 'java.lang.Object java.lang.invoke.Invokers$Holder.linkToTargetMethod(java.lang.Object, java.lang.Object, java.lang.Object, java.lang.Object, java.lang.Object, java.lang.Object, java.lang.Object)'> (0x000000008b39f220) 
thrown [s\src\hotspot\share\interpreter\linkResolver.cpp, line 759]
Event: 40.034 Thread 0x000001436b89be10 Exception <a 'java/lang/NoSuchMethodError'{0x000000008c0cd008}: 'int java.lang.invoke.DirectMethodHandle$Holder.invokeStaticInit(java.lang.Object, int)'> (0x000000008c0cd008) 
thrown [s\src\hotspot\share\interpreter\linkResolver.cpp, line 759]
Event: 40.063 Thread 0x000001436b89be10 Implicit null exception at 0x0000014307dc1aa4 to 0x0000014307dc1d98
Event: 40.150 Thread 0x000001436b89be10 Exception <a 'java/lang/NoSuchMethodError'{0x000000008bfb7b18}: 'java.lang.Object java.lang.invoke.DirectMethodHandle$Holder.invokeInterface(java.lang.Object, java.lang.Object, java.lang.Object)'> (0x000000008bfb7b18) 
thrown [s\src\hotspot\share\interpreter\linkResolver.cpp, line 759]
Event: 40.150 Thread 0x000001436b89be10 Exception <a 'java/lang/IncompatibleClassChangeError'{0x000000008bfbb488}: Found class java.lang.Object, but interface was expected> (0x000000008bfbb488) 
thrown [s\src\hotspot\share\interpreter\linkResolver.cpp, line 826]
Event: 42.512 Thread 0x000001436b89be10 Implicit null exception at 0x0000014307e2d78a to 0x0000014307e312bf
Event: 42.761 Thread 0x000001436b89be10 Implicit null exception at 0x0000014307ae9a55 to 0x0000014307aea058
Event: 42.878 Thread 0x000001436b89be10 Implicit null exception at 0x0000014307aec1d2 to 0x0000014307aec7dc
Event: 46.217 Thread 0x000001436b89be10 Implicit null exception at 0x0000014307e8399f to 0x0000014307e84f40
Event: 47.138 Thread 0x000001436b89be10 Implicit null exception at 0x0000014307edd05b to 0x0000014307edd334
Event: 47.141 Thread 0x000001436b89be10 Implicit null exception at 0x0000014307b93ad6 to 0x0000014307b93d84
Event: 47.968 Thread 0x000001436b89be10 Exception <a 'java/lang/NoSuchMethodError'{0x000000008c33f258}: 'void java.lang.invoke.DirectMethodHandle$Holder.invokeStatic(java.lang.Object, java.lang.Object, java.lang.Object)'> (0x000000008c33f258) 
thrown [s\src\hotspot\share\interpreter\linkResolver.cpp, line 759]
Event: 53.247 Thread 0x000001436b89be10 Implicit null exception at 0x0000014307eb263c to 0x0000014307eb26ca
Event: 53.247 Thread 0x000001436b89be10 Implicit null exception at 0x0000014307eb2b3f to 0x0000014307eb2bde

VM Operations (20 events):
Event: 49.850 Executing VM operation: Cleanup
Event: 49.925 Executing VM operation: Cleanup done
Event: 50.934 Executing VM operation: Cleanup
Event: 50.947 Executing VM operation: Cleanup done
Event: 51.953 Executing VM operation: Cleanup
Event: 51.953 Executing VM operation: Cleanup done
Event: 52.302 Executing VM operation: G1CollectForAllocation
Event: 52.346 Executing VM operation: G1CollectForAllocation done
Event: 52.515 Executing VM operation: G1PauseRemark
Event: 52.565 Executing VM operation: G1PauseRemark done
Event: 52.628 Executing VM operation: G1PauseCleanup
Event: 52.636 Executing VM operation: G1PauseCleanup done
Event: 53.642 Executing VM operation: Cleanup
Event: 53.643 Executing VM operation: Cleanup done
Event: 54.431 Executing VM operation: HandshakeAllThreads
Event: 54.431 Executing VM operation: HandshakeAllThreads done
Event: 55.216 Executing VM operation: ICBufferFull
Event: 55.217 Executing VM operation: ICBufferFull done
Event: 56.225 Executing VM operation: Cleanup
Event: 56.229 Executing VM operation: Cleanup done

Events (20 events):
Event: 47.876 Thread 0x000001437ab307c0 flushing nmethod 0x0000014301158810
Event: 47.876 Thread 0x000001437ab307c0 flushing nmethod 0x0000014301178210
Event: 47.876 Thread 0x000001437ab307c0 flushing nmethod 0x000001430117c990
Event: 47.876 Thread 0x000001437ab307c0 flushing nmethod 0x0000014301181510
Event: 47.876 Thread 0x000001437ab307c0 flushing nmethod 0x000001430119fe90
Event: 47.876 Thread 0x000001437ab307c0 flushing nmethod 0x00000143011a7c90
Event: 47.876 Thread 0x000001437ab307c0 flushing nmethod 0x00000143011aff90
Event: 47.876 Thread 0x000001437ab307c0 flushing nmethod 0x00000143011be410
Event: 47.876 Thread 0x000001437ab307c0 flushing nmethod 0x00000143011c8f90
Event: 47.876 Thread 0x000001437ab307c0 flushing nmethod 0x00000143011c9710
Event: 47.876 Thread 0x000001437ab307c0 flushing nmethod 0x00000143011ccb90
Event: 47.876 Thread 0x000001437ab307c0 flushing nmethod 0x00000143011de390
Event: 47.877 Thread 0x000001437ab307c0 flushing nmethod 0x00000143012dae90
Event: 47.877 Thread 0x000001437ab307c0 flushing nmethod 0x0000014301309410
Event: 47.878 Thread 0x000001437ab307c0 flushing nmethod 0x00000143013f5010
Event: 47.878 Thread 0x000001437ab307c0 flushing nmethod 0x00000143013f6990
Event: 47.878 Thread 0x000001437ab307c0 flushing nmethod 0x000001430145a210
Event: 47.880 Thread 0x000001437ab307c0 flushing nmethod 0x00000143015d2710
Event: 47.880 Thread 0x000001437ab307c0 flushing nmethod 0x00000143015e7210
Event: 50.257 Thread 0x00000143519d1740 Thread exited: 0x00000143519d1740


Dynamic libraries:
0x00007ff74b560000 - 0x00007ff74b56e000 	C:\Program Files\Microsoft\jdk-17.0.8.7-hotspot\bin\java.exe
0x00007fffaffd0000 - 0x00007fffb01e7000 	C:\windows\SYSTEM32\ntdll.dll
0x00007fffaee20000 - 0x00007fffaeee4000 	C:\windows\System32\KERNEL32.DLL
0x00007fffad6a0000 - 0x00007fffada4c000 	C:\windows\System32\KERNELBASE.dll
0x00007fffad4e0000 - 0x00007fffad5f1000 	C:\windows\System32\ucrtbase.dll
0x00007fff8df30000 - 0x00007fff8df47000 	C:\Program Files\Microsoft\jdk-17.0.8.7-hotspot\bin\jli.dll
0x00007fffaf910000 - 0x00007fffafabe000 	C:\windows\System32\USER32.dll
0x00007fffadbc0000 - 0x00007fffadbe6000 	C:\windows\System32\win32u.dll
0x00007fffadff0000 - 0x00007fffae019000 	C:\windows\System32\GDI32.dll
0x00007fffadbf0000 - 0x00007fffadd09000 	C:\windows\System32\gdi32full.dll
0x00007fffad600000 - 0x00007fffad69a000 	C:\windows\System32\msvcp_win.dll
0x00007fff911d0000 - 0x00007fff91463000 	C:\windows\WinSxS\amd64_microsoft.windows.common-controls_6595b64144ccf1df_6.0.22621.3672_none_2713b9d173822955\COMCTL32.dll
0x00007fffadf40000 - 0x00007fffadfe7000 	C:\windows\System32\msvcrt.dll
0x00007fff88100000 - 0x00007fff8811b000 	C:\Program Files\Microsoft\jdk-17.0.8.7-hotspot\bin\VCRUNTIME140.dll
0x00007fffafc90000 - 0x00007fffafcc1000 	C:\windows\System32\IMM32.DLL
0x00007fff8be60000 - 0x00007fff8be6c000 	C:\Program Files\Microsoft\jdk-17.0.8.7-hotspot\bin\vcruntime140_1.dll
0x00007fff79440000 - 0x00007fff794cd000 	C:\Program Files\Microsoft\jdk-17.0.8.7-hotspot\bin\msvcp140.dll
0x00007fff5cd90000 - 0x00007fff5d9f5000 	C:\Program Files\Microsoft\jdk-17.0.8.7-hotspot\bin\server\jvm.dll
0x00007fffaf280000 - 0x00007fffaf332000 	C:\windows\System32\ADVAPI32.dll
0x00007fffade90000 - 0x00007fffadf3a000 	C:\windows\System32\sechost.dll
0x00007fffad370000 - 0x00007fffad398000 	C:\windows\System32\bcrypt.dll
0x00007fffaf360000 - 0x00007fffaf475000 	C:\windows\System32\RPCRT4.dll
0x00007fffad010000 - 0x00007fffad05d000 	C:\windows\SYSTEM32\POWRPROF.dll
0x00007fffa5570000 - 0x00007fffa5579000 	C:\windows\SYSTEM32\WSOCK32.dll
0x00007fffafe30000 - 0x00007fffafea1000 	C:\windows\System32\WS2_32.dll
0x00007fffa4d80000 - 0x00007fffa4db4000 	C:\windows\SYSTEM32\WINMM.dll
0x00007fffa5050000 - 0x00007fffa505a000 	C:\windows\SYSTEM32\VERSION.dll
0x00007fffacff0000 - 0x00007fffad003000 	C:\windows\SYSTEM32\UMPDC.dll
0x00007fffac300000 - 0x00007fffac318000 	C:\windows\SYSTEM32\kernel.appcore.dll
0x00007fff8be20000 - 0x00007fff8be2a000 	C:\Program Files\Microsoft\jdk-17.0.8.7-hotspot\bin\jimage.dll
0x00007fffaab10000 - 0x00007fffaad42000 	C:\windows\SYSTEM32\DBGHELP.DLL
0x00007fffaeef0000 - 0x00007fffaf278000 	C:\windows\System32\combase.dll
0x00007fffafeb0000 - 0x00007fffaff87000 	C:\windows\System32\OLEAUT32.dll
0x00007fff87940000 - 0x00007fff87972000 	C:\windows\SYSTEM32\dbgcore.DLL
0x00007fffad3a0000 - 0x00007fffad41b000 	C:\windows\System32\bcryptPrimitives.dll
0x00007fff7c050000 - 0x00007fff7c075000 	C:\Program Files\Microsoft\jdk-17.0.8.7-hotspot\bin\java.dll
0x00007fff68bf0000 - 0x00007fff68cc7000 	C:\Program Files\Microsoft\jdk-17.0.8.7-hotspot\bin\jsvml.dll
0x00007fffae5c0000 - 0x00007fffaee1c000 	C:\windows\System32\SHELL32.dll
0x00007fffab200000 - 0x00007fffabaf7000 	C:\windows\SYSTEM32\windows.storage.dll
0x00007fffab0c0000 - 0x00007fffab1ff000 	C:\windows\SYSTEM32\wintypes.dll
0x00007fffae020000 - 0x00007fffae114000 	C:\windows\System32\SHCORE.dll
0x00007fffade20000 - 0x00007fffade7e000 	C:\windows\System32\shlwapi.dll
0x00007fffad230000 - 0x00007fffad251000 	C:\windows\SYSTEM32\profapi.dll
0x00007fff7c030000 - 0x00007fff7c049000 	C:\Program Files\Microsoft\jdk-17.0.8.7-hotspot\bin\net.dll
0x00007fffa8c80000 - 0x00007fffa8db6000 	C:\windows\SYSTEM32\WINHTTP.dll
0x00007fffac7a0000 - 0x00007fffac809000 	C:\windows\system32\mswsock.dll
0x00007fff7bdf0000 - 0x00007fff7be06000 	C:\Program Files\Microsoft\jdk-17.0.8.7-hotspot\bin\nio.dll
0x00007fff7bcf0000 - 0x00007fff7bd08000 	C:\Program Files\Microsoft\jdk-17.0.8.7-hotspot\bin\zip.dll
0x00007fff79750000 - 0x00007fff79760000 	C:\Program Files\Microsoft\jdk-17.0.8.7-hotspot\bin\verify.dll

dbghelp: loaded successfully - version: 4.0.5 - missing functions: none
symbol engine: initialized successfully - sym options: 0x614 - pdb path: .;C:\Program Files\Microsoft\jdk-17.0.8.7-hotspot\bin;C:\windows\SYSTEM32;C:\windows\WinSxS\amd64_microsoft.windows.common-controls_6595b64144ccf1df_6.0.22621.3672_none_2713b9d173822955;C:\Program Files\Microsoft\jdk-17.0.8.7-hotspot\bin\server

VM Arguments:
java_command: org.jetbrains.kotlin.cli.jvm.K2JVMCompiler @D:\documentation\pyramidapp\UTS-SmartServeApp\node_modules\react-native-screens\android\build\20240706_4238031595142177020.compiler.options
java_class_path (initial): C:\Users\HP\.gradle\caches\modules-2\files-2.1\org.jetbrains.kotlin\kotlin-compiler-embeddable\1.6.21\97bdd5a752ce73b58ef16c17bc7f0ea2faff7a2e\kotlin-compiler-embeddable-1.6.21.jar;C:\Users\HP\.gradle\caches\modules-2\files-2.1\org.jetbrains.kotlin\kotlin-reflect\1.6.21\5dc3574d9b7bebfcb4ec6b10ada4aaa9e140bd0b\kotlin-reflect-1.6.21.jar;C:\Users\HP\.gradle\caches\modules-2\files-2.1\org.jetbrains.kotlin\kotlin-stdlib\1.6.21\11ef67f1900634fd951bad28c53ec957fabbe5b8\kotlin-stdlib-1.6.21.jar;C:\Users\HP\.gradle\caches\modules-2\files-2.1\org.jetbrains.kotlin\kotlin-script-runtime\1.6.21\99c6675100da5d6d5b1c5a1032f27f28008d101b\kotlin-script-runtime-1.6.21.jar;C:\Users\HP\.gradle\caches\modules-2\files-2.1\org.jetbrains.kotlin\kotlin-daemon-embeddable\1.6.21\46b78cf392e1c4f10854c3cadba44abb7b82250f\kotlin-daemon-embeddable-1.6.21.jar;C:\Users\HP\.gradle\caches\modules-2\files-2.1\org.jetbrains.intellij.deps\trove4j\1.0.20200330\3afb14d5f9ceb459d724e907a21145e8ff394f02\trove4j-1.0.20200330.jar;C:\Users\HP\.gradle\caches\modules-2\files-2.1\net.java.dev.jna\jna\5.6.0\330f2244e9030119ab3030fc3fededc86713d9cc\jna-5.6.0.jar;C:\Users\HP\.gradle\caches\modules-2\files-2.1\org.jetbrains.kotlin\kotlin-stdlib-common\1.6.21\5e5b55c26dbc80372a920aef60eb774b714559b8\kotlin-stdlib-common-1.6.21.jar;C:\Users\HP\.gradle\caches\modules-2\files-2.1\org.jetbrains\annotations\13.0\919f0dfe192fb4e063e7dacadee7f8bb9a2672a9\annotations-13.0.jar
Launcher Type: SUN_STANDARD

[Global flags]
     intx CICompilerCount                          = 4                                         {product} {ergonomic}
     uint ConcGCThreads                            = 2                                         {product} {ergonomic}
     uint G1ConcRefinementThreads                  = 8                                         {product} {ergonomic}
   size_t G1HeapRegionSize                         = 1048576                                   {product} {ergonomic}
    uintx GCDrainStackTargetSize                   = 64                                        {product} {ergonomic}
   size_t InitialHeapSize                          = 130023424                                 {product} {ergonomic}
   size_t MarkStackSize                            = 4194304                                   {product} {ergonomic}
   size_t MaxHeapSize                              = 2055208960                                {product} {ergonomic}
   size_t MaxNewSize                               = 1233125376                                {product} {ergonomic}
   size_t MinHeapDeltaBytes                        = 1048576                                   {product} {ergonomic}
   size_t MinHeapSize                              = 8388608                                   {product} {ergonomic}
    uintx NonNMethodCodeHeapSize                   = 5839372                                {pd product} {ergonomic}
    uintx NonProfiledCodeHeapSize                  = 122909434                              {pd product} {ergonomic}
    uintx ProfiledCodeHeapSize                     = 122909434                              {pd product} {ergonomic}
    uintx ReservedCodeCacheSize                    = 251658240                              {pd product} {ergonomic}
     bool SegmentedCodeCache                       = true                                      {product} {ergonomic}
   size_t SoftMaxHeapSize                          = 2055208960                             {manageable} {ergonomic}
     bool UseCompressedClassPointers               = true                           {product lp64_product} {ergonomic}
     bool UseCompressedOops                        = true                           {product lp64_product} {ergonomic}
     bool UseG1GC                                  = true                                      {product} {ergonomic}
     bool UseLargePagesIndividualAllocation        = false                                  {pd product} {ergonomic}

Logging:
Log output configuration:
 #0: stdout all=warning uptime,level,tags
 #1: stderr all=off uptime,level,tags

Environment Variables:
CLASSPATH=D:\documentation\pyramidapp\UTS-SmartServeApp\android\\gradle\wrapper\gradle-wrapper.jar
PATH=D:\documentation\pyramidapp\UTS-SmartServeApp\android\node_modules\.bin;D:\documentation\pyramidapp\UTS-SmartServeApp\node_modules\.bin;D:\documentation\pyramidapp\node_modules\.bin;D:\documentation\node_modules\.bin;D:\node_modules\.bin;C:\Program Files\nodejs;D:\documentation\pyramidapp\UTS-SmartServeApp\node_modules\.bin;D:\documentation\pyramidapp\node_modules\.bin;D:\documentation\node_modules\.bin;D:\node_modules\.bin;C:\Program Files\nodejs\node_modules\npm\node_modules\@npmcli\run-script\lib\node-gyp-bin;D:\documentation\pyramidapp\UTS-SmartServeApp\node_modules\.bin;D:\documentation\pyramidapp\node_modules\.bin;D:\documentation\node_modules\.bin;D:\node_modules\.bin;C:\Program Files\nodejs\node_modules\npm\node_modules\@npmcli\run-script\lib\node-gyp-bin;C:\Program Files\Microsoft\jdk-17.0.8.7-hotspot\bin;C:\windows\system32;C:\windows;C:\windows\System32\Wbem;C:\windows\System32\WindowsPowerShell\v1.0\;C:\windows\System32\OpenSSH\;C:\Program Files\Git\cmd;C:\Program Files (x86)\Yarn\bin\;C:\Program Files\PuTTY\;C:\Users\HP\AppData\Local\Android\Sdk\tools\bin;C:\Users\HP\AppData\Local\Android\Sdk\emulator;C:\Users\HP\AppData\Roaming\nvm;C:\Program Files\nvm;C:\ProgramData\chocolatey\bin;C:\Users\HP\AppData\Local\Android\Sdk\platform-tools;C:\Program Files\nodejs\;C:\Users\HP\AppData\Local\Programs\Python\Python39\Scripts\;C:\Users\HP\AppData\Local\Programs\Python\Python39\;C:\Users\HP\AppData\Local\Programs\Python\Python312\Scripts\;C:\Users\HP\AppData\Local\Programs\Python\Python312\;C:\Users\HP\AppData\Local\Android\Sdk\tools;C:\Users\HP\AppData\Local\Android\Sdk\tools;C:\Users\HP\AppData\Local\Microsoft\WindowsApps;C:\Users\HP\AppData\Local\Programs\Microsoft VS Code\bin;C:\Users\HP\AppData\Local\Yarn\bin;C:\Users\HP\AppData\Roaming\nvm;C:\Program Files\nvm;C:\Users\HP\AppData\Roaming\npm;C:\Users\HP\AppData\Local\Programs\Swift\Runtimes\5.10.1\usr\bin\;C:\Users\HP\AppData\Local\Programs\Swift\Toolchains\5.10.1+Asserts\usr\bin\;C:\Users\HP\AppData\Loca
USERNAME=HP
LANG=en_US.UTF-8
OS=Windows_NT
PROCESSOR_IDENTIFIER=Intel64 Family 6 Model 140 Stepping 2, GenuineIntel
TMP=C:\Users\HP\AppData\Local\Temp
TEMP=C:\Users\HP\AppData\Local\Temp



---------------  S Y S T E M  ---------------

OS:
 Windows 11 , 64 bit Build 22621 (10.0.22621.3672)
OS uptime: 1 days 8:14 hours
Hyper-V role detected

CPU: total 8 (initial active 8) (4 cores per cpu, 2 threads per core) family 6 model 140 stepping 2 microcode 0x34, cx8, cmov, fxsr, ht, mmx, 3dnowpref, sse, sse2, sse3, ssse3, sse4.1, sse4.2, popcnt, lzcnt, tsc, tscinvbit, avx, avx2, aes, erms, clmul, bmi1, bmi2, adx, avx512f, avx512dq, avx512cd, avx512bw, avx512vl, sha, fma, vzeroupper, avx512_vpopcntdq, avx512_vpclmulqdq, avx512_vaes, avx512_vnni, clflush, clflushopt, clwb, avx512_vbmi2, avx512_vbmi, hv
Processor Information for all 8 processors :
  Max Mhz: 2496, Current Mhz: 2496, Mhz Limit: 2496

Memory: 4k page, system-wide physical 7834M (7M free)
TotalPageFile size 31272M (AvailPageFile size 2M)
current process WorkingSet (physical memory assigned to process): 246M, peak: 297M
current process commit charge ("private bytes"): 446M, peak: 470M

vm_info: OpenJDK 64-Bit Server VM (17.0.8+7-LTS) for windows-amd64 JRE (17.0.8+7-LTS), built on Jul  7 2023 17:21:55 by "MicrosoftCorporation" with MS VC++ 16.10 / 16.11 (VS2019)

END.
